[05-Dec-2023 08:08:13 Europe/Berlin] PHP Notice:  Undefined variable: categories in C:\xampp\htdocs\bulan_bintang\header.php on line 135
[05-Dec-2023 08:08:13 Europe/Berlin] PHP Warning:  Invalid argument supplied for foreach() in C:\xampp\htdocs\bulan_bintang\header.php on line 135
[05-Dec-2023 08:08:13 Europe/Berlin] PHP Warning:  mysqli::close(): Couldn't fetch mysqli in C:\xampp\htdocs\bulan_bintang\profile.php on line 57
[05-Dec-2023 08:08:13 Europe/Berlin] PHP Warning:  mysqli_stmt::close(): Couldn't fetch mysqli_stmt in C:\xampp\htdocs\bulan_bintang\profile.php on line 145
[05-Dec-2023 08:08:13 Europe/Berlin] PHP Warning:  mysqli_result::close(): Couldn't fetch mysqli_result in C:\xampp\htdocs\bulan_bintang\profile.php on line 146
[05-Dec-2023 08:08:13 Europe/Berlin] PHP Warning:  mysqli::close(): Couldn't fetch mysqli in C:\xampp\htdocs\bulan_bintang\profile.php on line 147
[05-Dec-2023 08:09:49 Europe/Berlin] PHP Notice:  Undefined variable: categories in C:\xampp\htdocs\bulan_bintang\header.php on line 135
[05-Dec-2023 08:09:49 Europe/Berlin] PHP Warning:  Invalid argument supplied for foreach() in C:\xampp\htdocs\bulan_bintang\header.php on line 135
[05-Dec-2023 08:09:49 Europe/Berlin] PHP Warning:  mysqli::close(): Couldn't fetch mysqli in C:\xampp\htdocs\bulan_bintang\profile.php on line 57
[05-Dec-2023 08:09:49 Europe/Berlin] PHP Warning:  mysqli_stmt::close(): Couldn't fetch mysqli_stmt in C:\xampp\htdocs\bulan_bintang\profile.php on line 145
[05-Dec-2023 08:09:49 Europe/Berlin] PHP Warning:  mysqli_result::close(): Couldn't fetch mysqli_result in C:\xampp\htdocs\bulan_bintang\profile.php on line 146
[05-Dec-2023 08:09:49 Europe/Berlin] PHP Warning:  mysqli::close(): Couldn't fetch mysqli in C:\xampp\htdocs\bulan_bintang\profile.php on line 147
[05-Dec-2023 08:12:10 Europe/Berlin] PHP Notice:  Undefined variable: categories in C:\xampp\htdocs\bulan_bintang\header.php on line 135
[05-Dec-2023 08:12:10 Europe/Berlin] PHP Warning:  Invalid argument supplied for foreach() in C:\xampp\htdocs\bulan_bintang\header.php on line 135
[05-Dec-2023 08:12:10 Europe/Berlin] PHP Warning:  mysqli_stmt::close(): Couldn't fetch mysqli_stmt in C:\xampp\htdocs\bulan_bintang\profile.php on line 145
[05-Dec-2023 08:12:10 Europe/Berlin] PHP Warning:  mysqli_result::close(): Couldn't fetch mysqli_result in C:\xampp\htdocs\bulan_bintang\profile.php on line 146
[05-Dec-2023 08:12:10 Europe/Berlin] PHP Warning:  mysqli::close(): Couldn't fetch mysqli in C:\xampp\htdocs\bulan_bintang\profile.php on line 147
[05-Dec-2023 08:12:20 Europe/Berlin] PHP Notice:  Undefined variable: categories in C:\xampp\htdocs\bulan_bintang\header.php on line 135
[05-Dec-2023 08:12:20 Europe/Berlin] PHP Warning:  Invalid argument supplied for foreach() in C:\xampp\htdocs\bulan_bintang\header.php on line 135
[05-Dec-2023 08:12:20 Europe/Berlin] PHP Warning:  mysqli_stmt::close(): Couldn't fetch mysqli_stmt in C:\xampp\htdocs\bulan_bintang\profile.php on line 145
[05-Dec-2023 08:12:20 Europe/Berlin] PHP Warning:  mysqli_result::close(): Couldn't fetch mysqli_result in C:\xampp\htdocs\bulan_bintang\profile.php on line 146
[05-Dec-2023 08:12:20 Europe/Berlin] PHP Warning:  mysqli::close(): Couldn't fetch mysqli in C:\xampp\htdocs\bulan_bintang\profile.php on line 147
[05-Dec-2023 08:15:59 Europe/Berlin] PHP Notice:  Undefined variable: categories in C:\xampp\htdocs\bulan_bintang\header.php on line 135
[05-Dec-2023 08:15:59 Europe/Berlin] PHP Warning:  Invalid argument supplied for foreach() in C:\xampp\htdocs\bulan_bintang\header.php on line 135
[05-Dec-2023 08:15:59 Europe/Berlin] PHP Warning:  mysqli_stmt::close(): Couldn't fetch mysqli_stmt in C:\xampp\htdocs\bulan_bintang\profile.php on line 145
[05-Dec-2023 08:15:59 Europe/Berlin] PHP Warning:  mysqli_result::close(): Couldn't fetch mysqli_result in C:\xampp\htdocs\bulan_bintang\profile.php on line 146
[05-Dec-2023 08:15:59 Europe/Berlin] PHP Warning:  mysqli::close(): Couldn't fetch mysqli in C:\xampp\htdocs\bulan_bintang\profile.php on line 147
[05-Dec-2023 08:17:05 Europe/Berlin] PHP Notice:  Undefined variable: categories in C:\xampp\htdocs\bulan_bintang\header.php on line 135
[05-Dec-2023 08:17:05 Europe/Berlin] PHP Warning:  Invalid argument supplied for foreach() in C:\xampp\htdocs\bulan_bintang\header.php on line 135
[05-Dec-2023 08:17:05 Europe/Berlin] PHP Warning:  mysqli_stmt::close(): Couldn't fetch mysqli_stmt in C:\xampp\htdocs\bulan_bintang\profile.php on line 148
[05-Dec-2023 08:17:06 Europe/Berlin] PHP Notice:  Undefined variable: categories in C:\xampp\htdocs\bulan_bintang\header.php on line 135
[05-Dec-2023 08:17:06 Europe/Berlin] PHP Warning:  Invalid argument supplied for foreach() in C:\xampp\htdocs\bulan_bintang\header.php on line 135
[05-Dec-2023 08:17:06 Europe/Berlin] PHP Warning:  mysqli_stmt::close(): Couldn't fetch mysqli_stmt in C:\xampp\htdocs\bulan_bintang\profile.php on line 148
[05-Dec-2023 08:17:06 Europe/Berlin] PHP Notice:  Undefined variable: categories in C:\xampp\htdocs\bulan_bintang\header.php on line 135
[05-Dec-2023 08:17:06 Europe/Berlin] PHP Warning:  Invalid argument supplied for foreach() in C:\xampp\htdocs\bulan_bintang\header.php on line 135
[05-Dec-2023 08:17:06 Europe/Berlin] PHP Warning:  mysqli_stmt::close(): Couldn't fetch mysqli_stmt in C:\xampp\htdocs\bulan_bintang\profile.php on line 148
[05-Dec-2023 08:18:08 Europe/Berlin] PHP Notice:  Undefined variable: categories in C:\xampp\htdocs\bulan_bintang\header.php on line 135
[05-Dec-2023 08:18:08 Europe/Berlin] PHP Warning:  Invalid argument supplied for foreach() in C:\xampp\htdocs\bulan_bintang\header.php on line 135
[05-Dec-2023 08:18:08 Europe/Berlin] PHP Warning:  mysqli_stmt::close(): Couldn't fetch mysqli_stmt in C:\xampp\htdocs\bulan_bintang\profile.php on line 149
[05-Dec-2023 08:18:09 Europe/Berlin] PHP Notice:  Undefined variable: categories in C:\xampp\htdocs\bulan_bintang\header.php on line 135
[05-Dec-2023 08:18:09 Europe/Berlin] PHP Warning:  Invalid argument supplied for foreach() in C:\xampp\htdocs\bulan_bintang\header.php on line 135
[05-Dec-2023 08:18:09 Europe/Berlin] PHP Warning:  mysqli_stmt::close(): Couldn't fetch mysqli_stmt in C:\xampp\htdocs\bulan_bintang\profile.php on line 149
[05-Dec-2023 08:18:09 Europe/Berlin] PHP Notice:  Undefined variable: categories in C:\xampp\htdocs\bulan_bintang\header.php on line 135
[05-Dec-2023 08:18:09 Europe/Berlin] PHP Warning:  Invalid argument supplied for foreach() in C:\xampp\htdocs\bulan_bintang\header.php on line 135
[05-Dec-2023 08:18:09 Europe/Berlin] PHP Warning:  mysqli_stmt::close(): Couldn't fetch mysqli_stmt in C:\xampp\htdocs\bulan_bintang\profile.php on line 149
[05-Dec-2023 08:18:09 Europe/Berlin] PHP Notice:  Undefined variable: categories in C:\xampp\htdocs\bulan_bintang\header.php on line 135
[05-Dec-2023 08:18:09 Europe/Berlin] PHP Warning:  Invalid argument supplied for foreach() in C:\xampp\htdocs\bulan_bintang\header.php on line 135
[05-Dec-2023 08:18:09 Europe/Berlin] PHP Warning:  mysqli_stmt::close(): Couldn't fetch mysqli_stmt in C:\xampp\htdocs\bulan_bintang\profile.php on line 149
[05-Dec-2023 08:21:57 Europe/Berlin] PHP Notice:  Undefined variable: categories in C:\xampp\htdocs\bulan_bintang\header.php on line 135
[05-Dec-2023 08:21:57 Europe/Berlin] PHP Warning:  Invalid argument supplied for foreach() in C:\xampp\htdocs\bulan_bintang\header.php on line 135
[05-Dec-2023 08:21:57 Europe/Berlin] PHP Warning:  mysqli_stmt::close(): Couldn't fetch mysqli_stmt in C:\xampp\htdocs\bulan_bintang\profile.php on line 149
[05-Dec-2023 08:26:52 Europe/Berlin] PHP Notice:  Undefined variable: categories in C:\xampp\htdocs\bulan_bintang\header.php on line 135
[05-Dec-2023 08:26:52 Europe/Berlin] PHP Warning:  Invalid argument supplied for foreach() in C:\xampp\htdocs\bulan_bintang\header.php on line 135
[05-Dec-2023 08:26:52 Europe/Berlin] PHP Warning:  mysqli_stmt::close(): Couldn't fetch mysqli_stmt in C:\xampp\htdocs\bulan_bintang\profile.php on line 149
[05-Dec-2023 08:27:27 Europe/Berlin] PHP Notice:  Undefined variable: categories in C:\xampp\htdocs\bulan_bintang\header.php on line 135
[05-Dec-2023 08:27:27 Europe/Berlin] PHP Warning:  Invalid argument supplied for foreach() in C:\xampp\htdocs\bulan_bintang\header.php on line 135
[05-Dec-2023 08:27:27 Europe/Berlin] PHP Warning:  mysqli_stmt::close(): Couldn't fetch mysqli_stmt in C:\xampp\htdocs\bulan_bintang\profile.php on line 149
[05-Dec-2023 08:33:18 Europe/Berlin] PHP Notice:  Undefined variable: categories in C:\xampp\htdocs\bulan_bintang\header.php on line 135
[05-Dec-2023 08:33:18 Europe/Berlin] PHP Warning:  Invalid argument supplied for foreach() in C:\xampp\htdocs\bulan_bintang\header.php on line 135
[05-Dec-2023 08:33:18 Europe/Berlin] PHP Warning:  mysqli_stmt::close(): Couldn't fetch mysqli_stmt in C:\xampp\htdocs\bulan_bintang\profile.php on line 149
[05-Dec-2023 08:33:29 Europe/Berlin] PHP Notice:  Undefined variable: categories in C:\xampp\htdocs\bulan_bintang\header.php on line 135
[05-Dec-2023 08:33:29 Europe/Berlin] PHP Warning:  Invalid argument supplied for foreach() in C:\xampp\htdocs\bulan_bintang\header.php on line 135
[05-Dec-2023 08:33:29 Europe/Berlin] PHP Warning:  mysqli_stmt::close(): Couldn't fetch mysqli_stmt in C:\xampp\htdocs\bulan_bintang\profile.php on line 149
[05-Dec-2023 08:33:38 Europe/Berlin] PHP Notice:  Undefined variable: categories in C:\xampp\htdocs\bulan_bintang\header.php on line 135
[05-Dec-2023 08:33:38 Europe/Berlin] PHP Warning:  Invalid argument supplied for foreach() in C:\xampp\htdocs\bulan_bintang\header.php on line 135
[05-Dec-2023 08:33:38 Europe/Berlin] PHP Warning:  mysqli_stmt::close(): Couldn't fetch mysqli_stmt in C:\xampp\htdocs\bulan_bintang\profile.php on line 149
[05-Dec-2023 08:33:39 Europe/Berlin] PHP Notice:  Undefined variable: categories in C:\xampp\htdocs\bulan_bintang\header.php on line 135
[05-Dec-2023 08:33:39 Europe/Berlin] PHP Warning:  Invalid argument supplied for foreach() in C:\xampp\htdocs\bulan_bintang\header.php on line 135
[05-Dec-2023 08:33:39 Europe/Berlin] PHP Warning:  mysqli_stmt::close(): Couldn't fetch mysqli_stmt in C:\xampp\htdocs\bulan_bintang\profile.php on line 149
[05-Dec-2023 08:33:59 Europe/Berlin] PHP Notice:  Undefined variable: categories in C:\xampp\htdocs\bulan_bintang\header.php on line 135
[05-Dec-2023 08:33:59 Europe/Berlin] PHP Warning:  Invalid argument supplied for foreach() in C:\xampp\htdocs\bulan_bintang\header.php on line 135
[05-Dec-2023 08:33:59 Europe/Berlin] PHP Warning:  mysqli_stmt::close(): Couldn't fetch mysqli_stmt in C:\xampp\htdocs\bulan_bintang\profile.php on line 148
[05-Dec-2023 08:34:17 Europe/Berlin] PHP Notice:  Undefined variable: categories in C:\xampp\htdocs\bulan_bintang\header.php on line 135
[05-Dec-2023 08:34:17 Europe/Berlin] PHP Warning:  Invalid argument supplied for foreach() in C:\xampp\htdocs\bulan_bintang\header.php on line 135
[05-Dec-2023 08:34:17 Europe/Berlin] PHP Warning:  mysqli_stmt::close(): Couldn't fetch mysqli_stmt in C:\xampp\htdocs\bulan_bintang\profile.php on line 148
[05-Dec-2023 08:34:18 Europe/Berlin] PHP Notice:  Undefined variable: categories in C:\xampp\htdocs\bulan_bintang\header.php on line 135
[05-Dec-2023 08:34:18 Europe/Berlin] PHP Warning:  Invalid argument supplied for foreach() in C:\xampp\htdocs\bulan_bintang\header.php on line 135
[05-Dec-2023 08:34:18 Europe/Berlin] PHP Warning:  mysqli_stmt::close(): Couldn't fetch mysqli_stmt in C:\xampp\htdocs\bulan_bintang\profile.php on line 148
[05-Dec-2023 08:34:19 Europe/Berlin] PHP Notice:  Undefined variable: categories in C:\xampp\htdocs\bulan_bintang\header.php on line 135
[05-Dec-2023 08:34:19 Europe/Berlin] PHP Warning:  Invalid argument supplied for foreach() in C:\xampp\htdocs\bulan_bintang\header.php on line 135
[05-Dec-2023 08:34:19 Europe/Berlin] PHP Warning:  mysqli_stmt::close(): Couldn't fetch mysqli_stmt in C:\xampp\htdocs\bulan_bintang\profile.php on line 148
[05-Dec-2023 08:34:54 Europe/Berlin] PHP Notice:  Undefined variable: categories in C:\xampp\htdocs\bulan_bintang\header.php on line 135
[05-Dec-2023 08:34:54 Europe/Berlin] PHP Warning:  Invalid argument supplied for foreach() in C:\xampp\htdocs\bulan_bintang\header.php on line 135
[05-Dec-2023 08:34:54 Europe/Berlin] PHP Warning:  mysqli_stmt::close(): Couldn't fetch mysqli_stmt in C:\xampp\htdocs\bulan_bintang\profile.php on line 148
[05-Dec-2023 08:35:00 Europe/Berlin] PHP Notice:  Undefined variable: categories in C:\xampp\htdocs\bulan_bintang\header.php on line 135
[05-Dec-2023 08:35:00 Europe/Berlin] PHP Warning:  Invalid argument supplied for foreach() in C:\xampp\htdocs\bulan_bintang\header.php on line 135
[05-Dec-2023 08:35:00 Europe/Berlin] PHP Warning:  mysqli_stmt::close(): Couldn't fetch mysqli_stmt in C:\xampp\htdocs\bulan_bintang\profile.php on line 149
[05-Dec-2023 08:35:06 Europe/Berlin] PHP Notice:  Undefined variable: categories in C:\xampp\htdocs\bulan_bintang\header.php on line 135
[05-Dec-2023 08:35:06 Europe/Berlin] PHP Warning:  Invalid argument supplied for foreach() in C:\xampp\htdocs\bulan_bintang\header.php on line 135
[05-Dec-2023 08:35:06 Europe/Berlin] PHP Warning:  mysqli_stmt::close(): Couldn't fetch mysqli_stmt in C:\xampp\htdocs\bulan_bintang\profile.php on line 149
[05-Dec-2023 08:35:06 Europe/Berlin] PHP Notice:  Undefined variable: categories in C:\xampp\htdocs\bulan_bintang\header.php on line 135
[05-Dec-2023 08:35:06 Europe/Berlin] PHP Warning:  Invalid argument supplied for foreach() in C:\xampp\htdocs\bulan_bintang\header.php on line 135
[05-Dec-2023 08:35:06 Europe/Berlin] PHP Warning:  mysqli_stmt::close(): Couldn't fetch mysqli_stmt in C:\xampp\htdocs\bulan_bintang\profile.php on line 149
[05-Dec-2023 08:35:55 Europe/Berlin] PHP Notice:  Undefined variable: categories in C:\xampp\htdocs\bulan_bintang\header.php on line 135
[05-Dec-2023 08:35:55 Europe/Berlin] PHP Warning:  Invalid argument supplied for foreach() in C:\xampp\htdocs\bulan_bintang\header.php on line 135
[05-Dec-2023 08:35:55 Europe/Berlin] PHP Warning:  mysqli_stmt::close(): Couldn't fetch mysqli_stmt in C:\xampp\htdocs\bulan_bintang\profile.php on line 149
[05-Dec-2023 08:35:55 Europe/Berlin] PHP Notice:  Undefined variable: categories in C:\xampp\htdocs\bulan_bintang\header.php on line 135
[05-Dec-2023 08:35:55 Europe/Berlin] PHP Warning:  Invalid argument supplied for foreach() in C:\xampp\htdocs\bulan_bintang\header.php on line 135
[05-Dec-2023 08:35:55 Europe/Berlin] PHP Warning:  mysqli_stmt::close(): Couldn't fetch mysqli_stmt in C:\xampp\htdocs\bulan_bintang\profile.php on line 149
[05-Dec-2023 08:35:56 Europe/Berlin] PHP Notice:  Undefined variable: categories in C:\xampp\htdocs\bulan_bintang\header.php on line 135
[05-Dec-2023 08:35:56 Europe/Berlin] PHP Warning:  Invalid argument supplied for foreach() in C:\xampp\htdocs\bulan_bintang\header.php on line 135
[05-Dec-2023 08:35:56 Europe/Berlin] PHP Warning:  mysqli_stmt::close(): Couldn't fetch mysqli_stmt in C:\xampp\htdocs\bulan_bintang\profile.php on line 149
[05-Dec-2023 08:35:56 Europe/Berlin] PHP Notice:  Undefined variable: categories in C:\xampp\htdocs\bulan_bintang\header.php on line 135
[05-Dec-2023 08:35:56 Europe/Berlin] PHP Warning:  Invalid argument supplied for foreach() in C:\xampp\htdocs\bulan_bintang\header.php on line 135
[05-Dec-2023 08:35:56 Europe/Berlin] PHP Warning:  mysqli_stmt::close(): Couldn't fetch mysqli_stmt in C:\xampp\htdocs\bulan_bintang\profile.php on line 149
[05-Dec-2023 08:36:06 Europe/Berlin] PHP Notice:  Undefined variable: categories in C:\xampp\htdocs\bulan_bintang\header.php on line 135
[05-Dec-2023 08:36:06 Europe/Berlin] PHP Warning:  Invalid argument supplied for foreach() in C:\xampp\htdocs\bulan_bintang\header.php on line 135
[05-Dec-2023 08:36:06 Europe/Berlin] PHP Warning:  mysqli_stmt::close(): Couldn't fetch mysqli_stmt in C:\xampp\htdocs\bulan_bintang\profile.php on line 149
[05-Dec-2023 08:36:26 Europe/Berlin] PHP Notice:  Undefined variable: categories in C:\xampp\htdocs\bulan_bintang\header.php on line 135
[05-Dec-2023 08:36:26 Europe/Berlin] PHP Warning:  Invalid argument supplied for foreach() in C:\xampp\htdocs\bulan_bintang\header.php on line 135
[05-Dec-2023 08:36:26 Europe/Berlin] PHP Warning:  mysqli_stmt::close(): Couldn't fetch mysqli_stmt in C:\xampp\htdocs\bulan_bintang\profile.php on line 149
[05-Dec-2023 08:36:27 Europe/Berlin] PHP Notice:  Undefined variable: categories in C:\xampp\htdocs\bulan_bintang\header.php on line 135
[05-Dec-2023 08:36:27 Europe/Berlin] PHP Warning:  Invalid argument supplied for foreach() in C:\xampp\htdocs\bulan_bintang\header.php on line 135
[05-Dec-2023 08:36:27 Europe/Berlin] PHP Warning:  mysqli_stmt::close(): Couldn't fetch mysqli_stmt in C:\xampp\htdocs\bulan_bintang\profile.php on line 149
[05-Dec-2023 08:36:27 Europe/Berlin] PHP Notice:  Undefined variable: categories in C:\xampp\htdocs\bulan_bintang\header.php on line 135
[05-Dec-2023 08:36:27 Europe/Berlin] PHP Warning:  Invalid argument supplied for foreach() in C:\xampp\htdocs\bulan_bintang\header.php on line 135
[05-Dec-2023 08:36:27 Europe/Berlin] PHP Warning:  mysqli_stmt::close(): Couldn't fetch mysqli_stmt in C:\xampp\htdocs\bulan_bintang\profile.php on line 149
[05-Dec-2023 08:36:27 Europe/Berlin] PHP Notice:  Undefined variable: categories in C:\xampp\htdocs\bulan_bintang\header.php on line 135
[05-Dec-2023 08:36:27 Europe/Berlin] PHP Warning:  Invalid argument supplied for foreach() in C:\xampp\htdocs\bulan_bintang\header.php on line 135
[05-Dec-2023 08:36:27 Europe/Berlin] PHP Warning:  mysqli_stmt::close(): Couldn't fetch mysqli_stmt in C:\xampp\htdocs\bulan_bintang\profile.php on line 149
[05-Dec-2023 08:36:27 Europe/Berlin] PHP Notice:  Undefined variable: categories in C:\xampp\htdocs\bulan_bintang\header.php on line 135
[05-Dec-2023 08:36:27 Europe/Berlin] PHP Warning:  Invalid argument supplied for foreach() in C:\xampp\htdocs\bulan_bintang\header.php on line 135
[05-Dec-2023 08:36:27 Europe/Berlin] PHP Warning:  mysqli_stmt::close(): Couldn't fetch mysqli_stmt in C:\xampp\htdocs\bulan_bintang\profile.php on line 149
[05-Dec-2023 08:40:06 Europe/Berlin] PHP Notice:  Undefined variable: categories in C:\xampp\htdocs\bulan_bintang\header.php on line 135
[05-Dec-2023 08:40:06 Europe/Berlin] PHP Warning:  Invalid argument supplied for foreach() in C:\xampp\htdocs\bulan_bintang\header.php on line 135
[05-Dec-2023 08:40:06 Europe/Berlin] PHP Warning:  mysqli_stmt::close(): Couldn't fetch mysqli_stmt in C:\xampp\htdocs\bulan_bintang\profile.php on line 149
[05-Dec-2023 08:41:03 Europe/Berlin] PHP Notice:  Undefined variable: categories in C:\xampp\htdocs\bulan_bintang\header.php on line 135
[05-Dec-2023 08:41:03 Europe/Berlin] PHP Warning:  Invalid argument supplied for foreach() in C:\xampp\htdocs\bulan_bintang\header.php on line 135
[05-Dec-2023 08:41:03 Europe/Berlin] PHP Warning:  mysqli_stmt::close(): Couldn't fetch mysqli_stmt in C:\xampp\htdocs\bulan_bintang\profile.php on line 149
[05-Dec-2023 08:41:04 Europe/Berlin] PHP Notice:  Undefined variable: categories in C:\xampp\htdocs\bulan_bintang\header.php on line 135
[05-Dec-2023 08:41:04 Europe/Berlin] PHP Warning:  Invalid argument supplied for foreach() in C:\xampp\htdocs\bulan_bintang\header.php on line 135
[05-Dec-2023 08:41:04 Europe/Berlin] PHP Warning:  mysqli_stmt::close(): Couldn't fetch mysqli_stmt in C:\xampp\htdocs\bulan_bintang\profile.php on line 149
[05-Dec-2023 08:41:04 Europe/Berlin] PHP Notice:  Undefined variable: categories in C:\xampp\htdocs\bulan_bintang\header.php on line 135
[05-Dec-2023 08:41:04 Europe/Berlin] PHP Warning:  Invalid argument supplied for foreach() in C:\xampp\htdocs\bulan_bintang\header.php on line 135
[05-Dec-2023 08:41:04 Europe/Berlin] PHP Warning:  mysqli_stmt::close(): Couldn't fetch mysqli_stmt in C:\xampp\htdocs\bulan_bintang\profile.php on line 149
[05-Dec-2023 08:41:04 Europe/Berlin] PHP Notice:  Undefined variable: categories in C:\xampp\htdocs\bulan_bintang\header.php on line 135
[05-Dec-2023 08:41:04 Europe/Berlin] PHP Warning:  Invalid argument supplied for foreach() in C:\xampp\htdocs\bulan_bintang\header.php on line 135
[05-Dec-2023 08:41:04 Europe/Berlin] PHP Warning:  mysqli_stmt::close(): Couldn't fetch mysqli_stmt in C:\xampp\htdocs\bulan_bintang\profile.php on line 149
[05-Dec-2023 08:41:04 Europe/Berlin] PHP Notice:  Undefined variable: categories in C:\xampp\htdocs\bulan_bintang\header.php on line 135
[05-Dec-2023 08:41:04 Europe/Berlin] PHP Warning:  Invalid argument supplied for foreach() in C:\xampp\htdocs\bulan_bintang\header.php on line 135
[05-Dec-2023 08:41:04 Europe/Berlin] PHP Warning:  mysqli_stmt::close(): Couldn't fetch mysqli_stmt in C:\xampp\htdocs\bulan_bintang\profile.php on line 149
[05-Dec-2023 08:41:17 Europe/Berlin] PHP Notice:  Undefined variable: categories in C:\xampp\htdocs\bulan_bintang\header.php on line 135
[05-Dec-2023 08:41:17 Europe/Berlin] PHP Warning:  Invalid argument supplied for foreach() in C:\xampp\htdocs\bulan_bintang\header.php on line 135
[05-Dec-2023 08:41:27 Europe/Berlin] PHP Notice:  Undefined variable: categories in C:\xampp\htdocs\bulan_bintang\header.php on line 135
[05-Dec-2023 08:41:27 Europe/Berlin] PHP Warning:  Invalid argument supplied for foreach() in C:\xampp\htdocs\bulan_bintang\header.php on line 135
[05-Dec-2023 08:41:27 Europe/Berlin] PHP Warning:  mysqli_stmt::close(): Couldn't fetch mysqli_stmt in C:\xampp\htdocs\bulan_bintang\profile.php on line 67
[05-Dec-2023 08:41:43 Europe/Berlin] PHP Notice:  Undefined variable: categories in C:\xampp\htdocs\bulan_bintang\header.php on line 135
[05-Dec-2023 08:41:43 Europe/Berlin] PHP Warning:  Invalid argument supplied for foreach() in C:\xampp\htdocs\bulan_bintang\header.php on line 135
[05-Dec-2023 08:41:43 Europe/Berlin] PHP Notice:  Undefined variable: categories in C:\xampp\htdocs\bulan_bintang\header.php on line 135
[05-Dec-2023 08:41:43 Europe/Berlin] PHP Warning:  Invalid argument supplied for foreach() in C:\xampp\htdocs\bulan_bintang\header.php on line 135
[05-Dec-2023 08:41:44 Europe/Berlin] PHP Notice:  Undefined variable: categories in C:\xampp\htdocs\bulan_bintang\header.php on line 135
[05-Dec-2023 08:41:44 Europe/Berlin] PHP Warning:  Invalid argument supplied for foreach() in C:\xampp\htdocs\bulan_bintang\header.php on line 135
[05-Dec-2023 08:41:44 Europe/Berlin] PHP Notice:  Undefined variable: categories in C:\xampp\htdocs\bulan_bintang\header.php on line 135
[05-Dec-2023 08:41:44 Europe/Berlin] PHP Warning:  Invalid argument supplied for foreach() in C:\xampp\htdocs\bulan_bintang\header.php on line 135
[05-Dec-2023 08:41:44 Europe/Berlin] PHP Notice:  Undefined variable: categories in C:\xampp\htdocs\bulan_bintang\header.php on line 135
[05-Dec-2023 08:41:44 Europe/Berlin] PHP Warning:  Invalid argument supplied for foreach() in C:\xampp\htdocs\bulan_bintang\header.php on line 135
[05-Dec-2023 08:41:45 Europe/Berlin] PHP Notice:  Undefined variable: categories in C:\xampp\htdocs\bulan_bintang\header.php on line 135
[05-Dec-2023 08:41:45 Europe/Berlin] PHP Warning:  Invalid argument supplied for foreach() in C:\xampp\htdocs\bulan_bintang\header.php on line 135
[05-Dec-2023 08:41:55 Europe/Berlin] PHP Notice:  Undefined variable: categories in C:\xampp\htdocs\bulan_bintang\header.php on line 135
[05-Dec-2023 08:41:55 Europe/Berlin] PHP Warning:  Invalid argument supplied for foreach() in C:\xampp\htdocs\bulan_bintang\header.php on line 135
[05-Dec-2023 08:41:55 Europe/Berlin] PHP Notice:  Undefined variable: categories in C:\xampp\htdocs\bulan_bintang\header.php on line 135
[05-Dec-2023 08:41:55 Europe/Berlin] PHP Warning:  Invalid argument supplied for foreach() in C:\xampp\htdocs\bulan_bintang\header.php on line 135
[05-Dec-2023 08:42:02 Europe/Berlin] PHP Warning:  mysqli::close(): Couldn't fetch mysqli in C:\xampp\htdocs\bulan_bintang\profile.php on line 58
[05-Dec-2023 08:42:02 Europe/Berlin] PHP Notice:  Undefined variable: categories in C:\xampp\htdocs\bulan_bintang\header.php on line 135
[05-Dec-2023 08:42:02 Europe/Berlin] PHP Warning:  Invalid argument supplied for foreach() in C:\xampp\htdocs\bulan_bintang\header.php on line 135
[05-Dec-2023 08:42:10 Europe/Berlin] PHP Notice:  Undefined variable: categories in C:\xampp\htdocs\bulan_bintang\header.php on line 135
[05-Dec-2023 08:42:10 Europe/Berlin] PHP Warning:  Invalid argument supplied for foreach() in C:\xampp\htdocs\bulan_bintang\header.php on line 135
[05-Dec-2023 08:42:10 Europe/Berlin] PHP Notice:  Undefined variable: categories in C:\xampp\htdocs\bulan_bintang\header.php on line 135
[05-Dec-2023 08:42:10 Europe/Berlin] PHP Warning:  Invalid argument supplied for foreach() in C:\xampp\htdocs\bulan_bintang\header.php on line 135
[05-Dec-2023 08:42:11 Europe/Berlin] PHP Notice:  Undefined variable: categories in C:\xampp\htdocs\bulan_bintang\header.php on line 135
[05-Dec-2023 08:42:11 Europe/Berlin] PHP Warning:  Invalid argument supplied for foreach() in C:\xampp\htdocs\bulan_bintang\header.php on line 135
[05-Dec-2023 08:42:11 Europe/Berlin] PHP Notice:  Undefined variable: categories in C:\xampp\htdocs\bulan_bintang\header.php on line 135
[05-Dec-2023 08:42:11 Europe/Berlin] PHP Warning:  Invalid argument supplied for foreach() in C:\xampp\htdocs\bulan_bintang\header.php on line 135
[05-Dec-2023 08:43:26 Europe/Berlin] PHP Notice:  Undefined variable: categories in C:\xampp\htdocs\bulan_bintang\header.php on line 135
[05-Dec-2023 08:43:26 Europe/Berlin] PHP Warning:  Invalid argument supplied for foreach() in C:\xampp\htdocs\bulan_bintang\header.php on line 135
[05-Dec-2023 08:43:26 Europe/Berlin] PHP Notice:  Undefined variable: categories in C:\xampp\htdocs\bulan_bintang\header.php on line 135
[05-Dec-2023 08:43:26 Europe/Berlin] PHP Warning:  Invalid argument supplied for foreach() in C:\xampp\htdocs\bulan_bintang\header.php on line 135
[05-Dec-2023 08:43:26 Europe/Berlin] PHP Notice:  Undefined variable: categories in C:\xampp\htdocs\bulan_bintang\header.php on line 135
[05-Dec-2023 08:43:26 Europe/Berlin] PHP Warning:  Invalid argument supplied for foreach() in C:\xampp\htdocs\bulan_bintang\header.php on line 135
[05-Dec-2023 08:43:27 Europe/Berlin] PHP Notice:  Undefined variable: categories in C:\xampp\htdocs\bulan_bintang\header.php on line 135
[05-Dec-2023 08:43:27 Europe/Berlin] PHP Warning:  Invalid argument supplied for foreach() in C:\xampp\htdocs\bulan_bintang\header.php on line 135
[05-Dec-2023 08:43:27 Europe/Berlin] PHP Notice:  Undefined variable: categories in C:\xampp\htdocs\bulan_bintang\header.php on line 135
[05-Dec-2023 08:43:27 Europe/Berlin] PHP Warning:  Invalid argument supplied for foreach() in C:\xampp\htdocs\bulan_bintang\header.php on line 135
[05-Dec-2023 08:45:46 Europe/Berlin] PHP Notice:  Undefined variable: categories in C:\xampp\htdocs\bulan_bintang\header.php on line 135
[05-Dec-2023 08:45:46 Europe/Berlin] PHP Warning:  Invalid argument supplied for foreach() in C:\xampp\htdocs\bulan_bintang\header.php on line 135
[05-Dec-2023 08:46:41 Europe/Berlin] PHP Notice:  Undefined variable: categories in C:\xampp\htdocs\bulan_bintang\header.php on line 135
[05-Dec-2023 08:46:41 Europe/Berlin] PHP Warning:  Invalid argument supplied for foreach() in C:\xampp\htdocs\bulan_bintang\header.php on line 135
[05-Dec-2023 08:46:49 Europe/Berlin] PHP Notice:  Undefined variable: categories in C:\xampp\htdocs\bulan_bintang\header.php on line 135
[05-Dec-2023 08:46:49 Europe/Berlin] PHP Warning:  Invalid argument supplied for foreach() in C:\xampp\htdocs\bulan_bintang\header.php on line 135
[05-Dec-2023 08:46:49 Europe/Berlin] PHP Warning:  mysqli_stmt::close(): Couldn't fetch mysqli_stmt in C:\xampp\htdocs\bulan_bintang\profile.php on line 149
[05-Dec-2023 08:46:57 Europe/Berlin] PHP Notice:  Undefined variable: categories in C:\xampp\htdocs\bulan_bintang\header.php on line 135
[05-Dec-2023 08:46:57 Europe/Berlin] PHP Warning:  Invalid argument supplied for foreach() in C:\xampp\htdocs\bulan_bintang\header.php on line 135
[05-Dec-2023 08:47:03 Europe/Berlin] PHP Notice:  Undefined variable: categories in C:\xampp\htdocs\bulan_bintang\header.php on line 135
[05-Dec-2023 08:47:03 Europe/Berlin] PHP Warning:  Invalid argument supplied for foreach() in C:\xampp\htdocs\bulan_bintang\header.php on line 135
[05-Dec-2023 08:47:20 Europe/Berlin] PHP Notice:  Undefined variable: categories in C:\xampp\htdocs\bulan_bintang\header.php on line 135
[05-Dec-2023 08:47:20 Europe/Berlin] PHP Warning:  Invalid argument supplied for foreach() in C:\xampp\htdocs\bulan_bintang\header.php on line 135
[05-Dec-2023 09:09:46 Europe/Berlin] PHP Notice:  Undefined variable: categories in C:\xampp\htdocs\bulan_bintang\header.php on line 135
[05-Dec-2023 09:09:46 Europe/Berlin] PHP Warning:  Invalid argument supplied for foreach() in C:\xampp\htdocs\bulan_bintang\header.php on line 135
[05-Dec-2023 09:09:49 Europe/Berlin] PHP Notice:  Undefined variable: categories in C:\xampp\htdocs\bulan_bintang\header.php on line 135
[05-Dec-2023 09:09:49 Europe/Berlin] PHP Warning:  Invalid argument supplied for foreach() in C:\xampp\htdocs\bulan_bintang\header.php on line 135
[05-Dec-2023 09:09:49 Europe/Berlin] PHP Notice:  Undefined variable: categories in C:\xampp\htdocs\bulan_bintang\header.php on line 135
[05-Dec-2023 09:09:49 Europe/Berlin] PHP Warning:  Invalid argument supplied for foreach() in C:\xampp\htdocs\bulan_bintang\header.php on line 135
[05-Dec-2023 09:09:49 Europe/Berlin] PHP Notice:  Undefined variable: categories in C:\xampp\htdocs\bulan_bintang\header.php on line 135
[05-Dec-2023 09:09:49 Europe/Berlin] PHP Warning:  Invalid argument supplied for foreach() in C:\xampp\htdocs\bulan_bintang\header.php on line 135
[05-Dec-2023 09:09:49 Europe/Berlin] PHP Notice:  Undefined variable: categories in C:\xampp\htdocs\bulan_bintang\header.php on line 135
[05-Dec-2023 09:09:49 Europe/Berlin] PHP Warning:  Invalid argument supplied for foreach() in C:\xampp\htdocs\bulan_bintang\header.php on line 135
[05-Dec-2023 09:10:00 Europe/Berlin] PHP Notice:  Undefined variable: categories in C:\xampp\htdocs\bulan_bintang\header.php on line 135
[05-Dec-2023 09:10:00 Europe/Berlin] PHP Warning:  Invalid argument supplied for foreach() in C:\xampp\htdocs\bulan_bintang\header.php on line 135
[08-Dec-2023 08:05:20 Europe/Berlin] PHP Warning:  mysqli::query(): Couldn't fetch mysqli in C:\xampp\htdocs\bulan_bintang\header.php on line 11
[08-Dec-2023 08:05:20 Europe/Berlin] PHP Fatal error:  Uncaught Error: Call to a member function fetch_assoc() on bool in C:\xampp\htdocs\bulan_bintang\header.php:15
Stack trace:
#0 C:\xampp\htdocs\bulan_bintang\header.php(28): getCategories(NULL)
#1 C:\xampp\htdocs\bulan_bintang\profile.php(62): include('C:\\xampp\\htdocs...')
#2 {main}
  thrown in C:\xampp\htdocs\bulan_bintang\header.php on line 15
